Using pre-set license
Built from '2020.2/release' branch; Version is '2020.2.1f1 (270dd8c3da1c) revision 2559448'; Using compiler version '192528614'; Build Type 'Release'
OS: 'Windows 10  (10.0.0) 64bit' Language: 'en' Physical Memory: 8034 MB
BatchMode: 1, IsHumanControllingUs: 0, StartBugReporterOnCrash: 0, Is64bit: 1, IsPro: 0

 COMMAND LINE ARGUMENTS:
E:\Unity editor\2020.2.1f1\Editor\Unity.exe
-adb2
-batchMode
-noUpm
-name
AssetImportWorker2
-projectPath
E:/GitHub/Sole-Mate-NSC-2021/Unity-3D/Unity/NewNSC01
-logFile
Logs/AssetImportWorker2.log
-srvPort
3754
Successfully changed project path to: E:/GitHub/Sole-Mate-NSC-2021/Unity-3D/Unity/NewNSC01
E:/GitHub/Sole-Mate-NSC-2021/Unity-3D/Unity/NewNSC01
Using Asset Import Pipeline V2.
Refreshing native plugins compatible for Editor in 120.08 ms, found 0 plugins.
Preloading 0 native plugins for Editor in 0.00 ms.
Initialize engine version: 2020.2.1f1 (270dd8c3da1c)
[Subsystems] Discovering subsystems at path E:/Unity editor/2020.2.1f1/Editor/Data/Resources/UnitySubsystems
[Subsystems] Discovering subsystems at path E:/GitHub/Sole-Mate-NSC-2021/Unity-3D/Unity/NewNSC01/Assets
GfxDevice: creating device client; threaded=0
Direct3D:
    Version:  Direct3D 11.0 [level 11.1]
    Renderer: NVIDIA GeForce GTX 1050 Ti (ID=0x1c8c)
    Vendor:   
    VRAM:     4018 MB
    Driver:   27.21.14.5751
Initialize mono
Mono path[0] = 'E:/Unity editor/2020.2.1f1/Editor/Data/Managed'
Mono path[1] = 'E:/Unity editor/2020.2.1f1/Editor/Data/MonoBleedingEdge/lib/mono/unityjit'
Mono config path = 'E:/Unity editor/2020.2.1f1/Editor/Data/MonoBleedingEdge/etc'
Using monoOptions --debugger-agent=transport=dt_socket,embedding=1,server=y,suspend=n,address=127.0.0.1:56932
Begin MonoManager ReloadAssembly
Registering precompiled unity dll's ...
Register platform support module: E:/Unity editor/2020.2.1f1/Editor/Data/PlaybackEngines/WindowsStandaloneSupport/UnityEditor.WindowsStandalone.Extensions.dll
Registered in 0.001443 seconds.
Native extension for WindowsStandalone target not found
Refreshing native plugins compatible for Editor in 137.84 ms, found 0 plugins.
Preloading 0 native plugins for Editor in 0.00 ms.
Invoked RoslynAnalysisRunner static constructor.
RoslynAnalysisRunner will not be running.
RoslynAnalysisRunner has terminated.
Mono: successfully reloaded assembly
- Completed reload, in  1.647 seconds
Platform modules already initialized, skipping
Registering precompiled user dll's ...
Registered in 0.002468 seconds.
Begin MonoManager ReloadAssembly
Native extension for WindowsStandalone target not found
Refreshing native plugins compatible for Editor in 183.09 ms, found 0 plugins.
Preloading 0 native plugins for Editor in 0.00 ms.
Invoked RoslynAnalysisRunner static constructor.
RoslynAnalysisRunner will not be running.
RoslynAnalysisRunner has terminated.
Mono: successfully reloaded assembly
- Completed reload, in  7.875 seconds
Platform modules already initialized, skipping
========================================================================
Worker process is ready to serve import requests
Launched and connected shader compiler UnityShaderCompiler.exe after 0.33 seconds
Refreshing native plugins compatible for Editor in 1.38 ms, found 0 plugins.
Preloading 0 native plugins for Editor in 0.00 ms.
Unloading 3435 Unused Serialized files (Serialized files now loaded: 0)
System memory in use before: 167.4 MB.
System memory in use after: 167.7 MB.

Unloading 10 unused Assets to reduce memory usage. Loaded Objects now: 3887.
Total: 5.115300 ms (FindLiveObjects: 0.597500 ms CreateObjectMapping: 0.319700 ms MarkObjects: 4.064300 ms  DeleteObjects: 0.131800 ms)

========================================================================
Received Import Request.
  path: Assets/Material/walkpath.mat
  artifactKey: Guid(9e5ad1a9b9b88684796c0e2be35ab04f) Importer(815301076,1909f56bfc062723c751e8b465ee728b)
Start importing Assets/Material/walkpath.mat using Guid(9e5ad1a9b9b88684796c0e2be35ab04f) Importer(815301076,1909f56bfc062723c751e8b465ee728b)  -> (artifact id: 'f1c066dddf61028768ca7273ae73f2a0') in 2.559477 seconds
  Import took 2.575542 seconds .

========================================================================
Received Import Request.
  Time since last request: 0.000319 seconds.
  path: Assets/Material/buttonred.mat
  artifactKey: Guid(6cde069dab2e52d46a1a25319863e02c) Importer(815301076,1909f56bfc062723c751e8b465ee728b)
Start importing Assets/Material/buttonred.mat using Guid(6cde069dab2e52d46a1a25319863e02c) Importer(815301076,1909f56bfc062723c751e8b465ee728b)  -> (artifact id: '617774d456570e5bc567ae6d772a1d6f') in 0.083431 seconds
  Import took 0.096772 seconds .

========================================================================
Received Import Request.
  Time since last request: 0.000609 seconds.
  path: Assets/Material/t_grid.mat
  artifactKey: Guid(44040a4abb04311408e1c2830e0e8cc1) Importer(815301076,1909f56bfc062723c751e8b465ee728b)
Start importing Assets/Material/t_grid.mat using Guid(44040a4abb04311408e1c2830e0e8cc1) Importer(815301076,1909f56bfc062723c751e8b465ee728b)  -> (artifact id: 'd2723e0da0dcf8e8f1e7f578ca23f30e') in 0.064180 seconds
  Import took 0.077468 seconds .

========================================================================
Received Import Request.
  Time since last request: 0.000398 seconds.
  path: Assets/Material/Buttonblue.mat
  artifactKey: Guid(bdaf6ffb2dade6049a2b567baf1c84b3) Importer(815301076,1909f56bfc062723c751e8b465ee728b)
Start importing Assets/Material/Buttonblue.mat using Guid(bdaf6ffb2dade6049a2b567baf1c84b3) Importer(815301076,1909f56bfc062723c751e8b465ee728b)  -> (artifact id: 'db9405df9fa213897d1d11d2f06bcc91') in 0.074570 seconds
  Import took 0.089210 seconds .

========================================================================
Received Import Request.
  Time since last request: 0.000333 seconds.
  path: Assets/Meshes/astronaustBody.fbx
  artifactKey: Guid(3dda984ec5ee2d54391d1784f0815655) Importer(815301076,1909f56bfc062723c751e8b465ee728b)
Start importing Assets/Meshes/astronaustBody.fbx using Guid(3dda984ec5ee2d54391d1784f0815655) Importer(815301076,1909f56bfc062723c751e8b465ee728b)  -> (artifact id: 'b4d18d8f339cd2d831e6db560574888e') in 1.042630 seconds
  Import took 1.058769 seconds .

========================================================================
Received Import Request.
  Time since last request: 0.000326 seconds.
  path: Assets/Material/Pot.mat
  artifactKey: Guid(714675bf010388a48bd6a491b4b78f2e) Importer(815301076,1909f56bfc062723c751e8b465ee728b)
Start importing Assets/Material/Pot.mat using Guid(714675bf010388a48bd6a491b4b78f2e) Importer(815301076,1909f56bfc062723c751e8b465ee728b)  -> (artifact id: '2244135cb9bf8e12c6c1a495fa1823d8') in 0.055096 seconds
  Import took 0.067637 seconds .

========================================================================
Received Import Request.
  Time since last request: 0.000332 seconds.
  path: Assets/Material/Wood.mat
  artifactKey: Guid(df259cfa8afd7ee43861bf2479faff11) Importer(815301076,1909f56bfc062723c751e8b465ee728b)
Start importing Assets/Material/Wood.mat using Guid(df259cfa8afd7ee43861bf2479faff11) Importer(815301076,1909f56bfc062723c751e8b465ee728b)  -> (artifact id: 'c9fca2d65426f1caafe45d7fa94c686c') in 0.059103 seconds
  Import took 0.072752 seconds .

========================================================================
Received Import Request.
  Time since last request: 0.000442 seconds.
  path: Assets/Meshes/waterfall.fbx
  artifactKey: Guid(6c662555c93f8be4b9a9943514e8845d) Importer(815301076,1909f56bfc062723c751e8b465ee728b)
Start importing Assets/Meshes/waterfall.fbx using Guid(6c662555c93f8be4b9a9943514e8845d) Importer(815301076,1909f56bfc062723c751e8b465ee728b)  -> (artifact id: '70b9a58f7cca8e52cdd9214ef42012b0') in 0.103720 seconds
  Import took 0.117713 seconds .

========================================================================
Received Import Request.
  Time since last request: 0.000295 seconds.
  path: Assets/Material/Leave.mat
  artifactKey: Guid(cabc77b66ffc5b24dbafb7b29bc2c963) Importer(815301076,1909f56bfc062723c751e8b465ee728b)
Start importing Assets/Material/Leave.mat using Guid(cabc77b66ffc5b24dbafb7b29bc2c963) Importer(815301076,1909f56bfc062723c751e8b465ee728b)  -> (artifact id: '3d5be6311ef97f918df089b5422ab3cb') in 0.058282 seconds
  Import took 0.072506 seconds .

========================================================================
Received Import Request.
  Time since last request: 0.000369 seconds.
  path: Assets/Material/waterfall.mat
  artifactKey: Guid(d8bc0378e22cb2040b7b3079402fa455) Importer(815301076,1909f56bfc062723c751e8b465ee728b)
Start importing Assets/Material/waterfall.mat using Guid(d8bc0378e22cb2040b7b3079402fa455) Importer(815301076,1909f56bfc062723c751e8b465ee728b)  -> (artifact id: '187e99164f982f0da8b3cb868c1b3d4d') in 0.068937 seconds
  Import took 0.082062 seconds .

========================================================================
Received Import Request.
  Time since last request: 0.000427 seconds.
  path: Assets/Material/Rock test.mat
  artifactKey: Guid(c24040782c111b044a23e45b51861b02) Importer(815301076,1909f56bfc062723c751e8b465ee728b)
Start importing Assets/Material/Rock test.mat using Guid(c24040782c111b044a23e45b51861b02) Importer(815301076,1909f56bfc062723c751e8b465ee728b)  -> (artifact id: '0cab18757ab190bd46a04185bb09fb2e') in 0.084265 seconds
  Import took 0.100015 seconds .

========================================================================
Received Import Request.
  Time since last request: 0.000443 seconds.
  path: Assets/Shader/Shader Graphs_waterfall.mat
  artifactKey: Guid(8fbd67882f8a1f34fa1947a96b2e0660) Importer(815301076,1909f56bfc062723c751e8b465ee728b)
Start importing Assets/Shader/Shader Graphs_waterfall.mat using Guid(8fbd67882f8a1f34fa1947a96b2e0660) Importer(815301076,1909f56bfc062723c751e8b465ee728b)  -> (artifact id: 'cc50f2a6ee7bb615c9fb9c6f9b929fe6') in 0.069439 seconds
  Import took 0.082515 seconds .

========================================================================
Received Import Request.
  Time since last request: 0.001913 seconds.
  path: Assets/Material/Foundation.mat
  artifactKey: Guid(1bec361dd2d3412428be90c7fd190722) Importer(815301076,1909f56bfc062723c751e8b465ee728b)
Start importing Assets/Material/Foundation.mat using Guid(1bec361dd2d3412428be90c7fd190722) Importer(815301076,1909f56bfc062723c751e8b465ee728b)  -> (artifact id: '48c814c82a818818868d2b40d56f7dbd') in 0.072431 seconds
  Import took 0.084386 seconds .

========================================================================
Received Import Request.
  Time since last request: 0.000298 seconds.
  path: Assets/Meshes/main02.fbx
  artifactKey: Guid(25c49f25c5c3af5458e955a0336c51f9) Importer(815301076,1909f56bfc062723c751e8b465ee728b)
Start importing Assets/Meshes/main02.fbx using Guid(25c49f25c5c3af5458e955a0336c51f9) Importer(815301076,1909f56bfc062723c751e8b465ee728b)  -> (artifact id: '10801a696b110548ee48ee92e02b95e0') in 0.158517 seconds
  Import took 0.170711 seconds .

========================================================================
Received Import Request.
  Time since last request: 0.000265 seconds.
  path: Assets/Material/Pillar.mat
  artifactKey: Guid(3523c81125131f04d90b3e4e327e9876) Importer(815301076,1909f56bfc062723c751e8b465ee728b)
Start importing Assets/Material/Pillar.mat using Guid(3523c81125131f04d90b3e4e327e9876) Importer(815301076,1909f56bfc062723c751e8b465ee728b)  -> (artifact id: '017344a40c8e7eff331e41ba6c8c7841') in 0.060393 seconds
  Import took 0.072206 seconds .

========================================================================
Received Import Request.
  Time since last request: 0.000306 seconds.
  path: Assets/Meshes/astronaustBackpack.fbx
  artifactKey: Guid(69ea0275fadf5d64d8c3edd43737a2d8) Importer(815301076,1909f56bfc062723c751e8b465ee728b)
Start importing Assets/Meshes/astronaustBackpack.fbx using Guid(69ea0275fadf5d64d8c3edd43737a2d8) Importer(815301076,1909f56bfc062723c751e8b465ee728b)  -> (artifact id: '31b484f5e4b1b54d0d7543cdfe02b8f6') in 0.096851 seconds
  Import took 0.113730 seconds .

========================================================================
Received Import Request.
  Time since last request: 0.000355 seconds.
  path: Assets/Meshes/stage.fbx
  artifactKey: Guid(3d27532248958a246a406d3644fa36bd) Importer(815301076,1909f56bfc062723c751e8b465ee728b)
Start importing Assets/Meshes/stage.fbx using Guid(3d27532248958a246a406d3644fa36bd) Importer(815301076,1909f56bfc062723c751e8b465ee728b)  -> (artifact id: '3afaf47bf7b6440875b0133d9da16b76') in 2.367389 seconds
  Import took 2.390718 seconds .

========================================================================
Received Import Request.
  Time since last request: 0.000295 seconds.
  path: Assets/Material/Cliff right front.mat
  artifactKey: Guid(0380b26b5dab34d46a602893c80dbea2) Importer(815301076,1909f56bfc062723c751e8b465ee728b)
Start importing Assets/Material/Cliff right front.mat using Guid(0380b26b5dab34d46a602893c80dbea2) Importer(815301076,1909f56bfc062723c751e8b465ee728b)  -> (artifact id: '645621f75f3d7966ec1675742ddaee17') in 0.070587 seconds
  Import took 0.085931 seconds .

========================================================================
Received Import Request.
  Time since last request: 0.000416 seconds.
  path: Assets/Material/cliffback.mat
  artifactKey: Guid(81df5eba2efe4584585305aab49d6ac5) Importer(815301076,1909f56bfc062723c751e8b465ee728b)
Start importing Assets/Material/cliffback.mat using Guid(81df5eba2efe4584585305aab49d6ac5) Importer(815301076,1909f56bfc062723c751e8b465ee728b)  -> (artifact id: '39c0c9c2307951148b97ac1154dd8d5c') in 0.059682 seconds
  Import took 0.076346 seconds .

========================================================================
Received Import Request.
  Time since last request: 0.000332 seconds.
  path: Assets/Material/DoorBack.mat
  artifactKey: Guid(4537bb49b45453740b1950f45f0a7310) Importer(815301076,1909f56bfc062723c751e8b465ee728b)
Start importing Assets/Material/DoorBack.mat using Guid(4537bb49b45453740b1950f45f0a7310) Importer(815301076,1909f56bfc062723c751e8b465ee728b)  -> (artifact id: 'e956b21fd352420b6e7127a1ca115813') in 0.071710 seconds
  Import took 0.086322 seconds .

========================================================================
Received Import Request.
  Time since last request: 0.000454 seconds.
  path: Assets/Material/DoorFront.mat
  artifactKey: Guid(28b3ee81f97509d4fb2eb97d5aacd920) Importer(815301076,1909f56bfc062723c751e8b465ee728b)
Start importing Assets/Material/DoorFront.mat using Guid(28b3ee81f97509d4fb2eb97d5aacd920) Importer(815301076,1909f56bfc062723c751e8b465ee728b)  -> (artifact id: '7c4a7b63bdb6b6675c68c95c44b5a214') in 0.155206 seconds
  Import took 0.173424 seconds .

========================================================================
Received Import Request.
  Time since last request: 0.000527 seconds.
  path: Assets/Shader/waterfall.shadergraph
  artifactKey: Guid(3e08f0e4880fee04da6ab5903335b76b) Importer(815301076,1909f56bfc062723c751e8b465ee728b)
Start importing Assets/Shader/waterfall.shadergraph using Guid(3e08f0e4880fee04da6ab5903335b76b) Importer(815301076,1909f56bfc062723c751e8b465ee728b)  -> (artifact id: '9af1235e77cb26ef5e65c0c017b130b5') in 0.036046 seconds
  Import took 0.054450 seconds .

========================================================================
Received Import Request.
  Time since last request: 10.508606 seconds.
  path: Assets/Shader
  artifactKey: Guid(e2241a749894bfc4a8b694850b4f713b) Importer(815301076,1909f56bfc062723c751e8b465ee728b)
Start importing Assets/Shader using Guid(e2241a749894bfc4a8b694850b4f713b) Importer(815301076,1909f56bfc062723c751e8b465ee728b)  -> (artifact id: '685dcdf50db2e46c2a824f436514ca34') in 0.013477 seconds
  Import took 0.028325 seconds .

========================================================================
Received Import Request.
  Time since last request: 0.008008 seconds.
  path: Assets/Shader
  artifactKey: Guid(e2241a749894bfc4a8b694850b4f713b) Importer(815301076,1909f56bfc062723c751e8b465ee728b)
Start importing Assets/Shader using Guid(e2241a749894bfc4a8b694850b4f713b) Importer(815301076,1909f56bfc062723c751e8b465ee728b)  -> (artifact id: '685dcdf50db2e46c2a824f436514ca34') in 0.005101 seconds
  Import took 0.018777 seconds .

========================================================================
Received Import Request.
  Time since last request: 7.786035 seconds.
  path: Assets/Shader/waterfall01.mat
  artifactKey: Guid(23e03bd6a59f774448cfd207633661f4) Importer(815301076,1909f56bfc062723c751e8b465ee728b)
Start importing Assets/Shader/waterfall01.mat using Guid(23e03bd6a59f774448cfd207633661f4) Importer(815301076,1909f56bfc062723c751e8b465ee728b)  -> (artifact id: 'f8999ca27d76da60190132c68061deab') in 0.089654 seconds
  Import took 0.102227 seconds .

========================================================================
Received Import Request.
  Time since last request: 0.000436 seconds.
  path: Assets/Shader/waterfall02.mat
  artifactKey: Guid(1766ae3bd847df34dbe948bc855eda60) Importer(815301076,1909f56bfc062723c751e8b465ee728b)
Start importing Assets/Shader/waterfall02.mat using Guid(1766ae3bd847df34dbe948bc855eda60) Importer(815301076,1909f56bfc062723c751e8b465ee728b)  -> (artifact id: '2287fb27c1c6005634ae5facad08489a') in 2.102778 seconds
  Import took 2.116194 seconds .

========================================================================
Received Import Request.
  Time since last request: 0.000372 seconds.
  path: Assets/Shader/waterfall03.mat
  artifactKey: Guid(124ec3bf5fd774e4b86254f25b3208b1) Importer(815301076,1909f56bfc062723c751e8b465ee728b)
Start importing Assets/Shader/waterfall03.mat using Guid(124ec3bf5fd774e4b86254f25b3208b1) Importer(815301076,1909f56bfc062723c751e8b465ee728b)  -> (artifact id: '211076bcdbae308a2be049552a072a41') in 0.085648 seconds
  Import took 0.100611 seconds .

========================================================================
Received Import Request.
  Time since last request: 18.361871 seconds.
  path: Assets/Shader/waterfall 1.shadergraph
  artifactKey: Guid(8a47bea3bdac97a4686d64d3d71b6742) Importer(815301076,1909f56bfc062723c751e8b465ee728b)
Start importing Assets/Shader/waterfall 1.shadergraph using Guid(8a47bea3bdac97a4686d64d3d71b6742) Importer(815301076,1909f56bfc062723c751e8b465ee728b)  -> (artifact id: 'fe4cf80fbd94fc4f9d9c69bc34c9e413') in 0.019306 seconds
  Import took 0.032426 seconds .

========================================================================
Received Import Request.
  Time since last request: 0.027544 seconds.
  path: Assets/Shader/waterfall 1.shadergraph
  artifactKey: Guid(8a47bea3bdac97a4686d64d3d71b6742) Importer(815301076,1909f56bfc062723c751e8b465ee728b)
Start importing Assets/Shader/waterfall 1.shadergraph using Guid(8a47bea3bdac97a4686d64d3d71b6742) Importer(815301076,1909f56bfc062723c751e8b465ee728b)  -> (artifact id: 'fe4cf80fbd94fc4f9d9c69bc34c9e413') in 0.009965 seconds
  Import took 0.022557 seconds .

========================================================================
Received Import Request.
  Time since last request: 59.889948 seconds.
  path: Assets/HDRPDefaultResources/DefaultSettingsVolumeProfile.asset
  artifactKey: Guid(40986a69453030643abf1dd0762d0b2d) Importer(815301076,1909f56bfc062723c751e8b465ee728b)
Start importing Assets/HDRPDefaultResources/DefaultSettingsVolumeProfile.asset using Guid(40986a69453030643abf1dd0762d0b2d) Importer(815301076,1909f56bfc062723c751e8b465ee728b)  -> (artifact id: 'b0d4aa2033f8a5a52d9cf106a42e7fca') in 0.016619 seconds
  Import took 0.028591 seconds .

========================================================================
Received Import Request.
  Time since last request: 0.067312 seconds.
  path: Assets/HDRPDefaultResources/Foliage Diffusion Profile.asset
  artifactKey: Guid(1492c811f8ee6514bb16f8006408fc18) Importer(815301076,1909f56bfc062723c751e8b465ee728b)
Start importing Assets/HDRPDefaultResources/Foliage Diffusion Profile.asset using Guid(1492c811f8ee6514bb16f8006408fc18) Importer(815301076,1909f56bfc062723c751e8b465ee728b)  -> (artifact id: 'a678e848e3dcf88db04f8885448d891f') in 0.011025 seconds
  Import took 0.020620 seconds .

========================================================================
Received Import Request.
  Time since last request: 0.000408 seconds.
  path: Assets/HDRPDefaultResources/HDRenderPipelineAsset.asset
  artifactKey: Guid(4545141742aacc24eb4a989596ef3e37) Importer(815301076,1909f56bfc062723c751e8b465ee728b)
Start importing Assets/HDRPDefaultResources/HDRenderPipelineAsset.asset using Guid(4545141742aacc24eb4a989596ef3e37) Importer(815301076,1909f56bfc062723c751e8b465ee728b)  -> (artifact id: '20b88632654908e1d168ba675b04cdc2') in 0.016422 seconds
  Import took 0.029200 seconds .

========================================================================
Received Import Request.
  Time since last request: 0.000421 seconds.
  path: Assets/HDRPDefaultResources/Skin Diffusion Profile.asset
  artifactKey: Guid(234521f1d5c368048ae4599457d4eb80) Importer(815301076,1909f56bfc062723c751e8b465ee728b)
Start importing Assets/HDRPDefaultResources/Skin Diffusion Profile.asset using Guid(234521f1d5c368048ae4599457d4eb80) Importer(815301076,1909f56bfc062723c751e8b465ee728b)  -> (artifact id: '2d2d0b0fbad6b72c6b49e70901df273c') in 0.015225 seconds
  Import took 0.030934 seconds .

========================================================================
Received Import Request.
  Time since last request: 26.227766 seconds.
  path: Packages/com.unity.render-pipelines.high-definition/Runtime/RenderPipelineResources/Material/DefaultHDParticleMaterial.mat
  artifactKey: Guid(b739a3f02ff77bf48b7636e64c3e3b4c) Importer(815301076,1909f56bfc062723c751e8b465ee728b)
Start importing Packages/com.unity.render-pipelines.high-definition/Runtime/RenderPipelineResources/Material/DefaultHDParticleMaterial.mat using Guid(b739a3f02ff77bf48b7636e64c3e3b4c) Importer(815301076,1909f56bfc062723c751e8b465ee728b)  -> (artifact id: '4e9b018c13eaef200874ca3de01bf4cf') in 0.075704 seconds
  Import took 0.088823 seconds .

========================================================================
Received Import Request.
  Time since last request: 0.033973 seconds.
  path: Packages/com.unity.render-pipelines.high-definition/Runtime/RenderPipelineResources/Material/DefaultHDParticleMaterial.mat
  artifactKey: Guid(b739a3f02ff77bf48b7636e64c3e3b4c) Importer(815301076,1909f56bfc062723c751e8b465ee728b)
Start importing Packages/com.unity.render-pipelines.high-definition/Runtime/RenderPipelineResources/Material/DefaultHDParticleMaterial.mat using Guid(b739a3f02ff77bf48b7636e64c3e3b4c) Importer(815301076,1909f56bfc062723c751e8b465ee728b)  -> (artifact id: '4e9b018c13eaef200874ca3de01bf4cf') in 0.088708 seconds
  Import took 0.111908 seconds .

========================================================================
Received Import Request.
  Time since last request: 80.566572 seconds.
  path: Assets/Shader/waterfall02.shadergraph
  artifactKey: Guid(9ba98a4785050bf4b859954660e5e818) Importer(815301076,1909f56bfc062723c751e8b465ee728b)
Start importing Assets/Shader/waterfall02.shadergraph using Guid(9ba98a4785050bf4b859954660e5e818) Importer(815301076,1909f56bfc062723c751e8b465ee728b)  -> (artifact id: '100a341541b014749b78820602bda7eb') in 0.010729 seconds
  Import took 0.121267 seconds .

========================================================================
Received Import Request.
  Time since last request: 2.962718 seconds.
  path: Assets/Shader/waterfall03.shadergraph
  artifactKey: Guid(cff8dac41526f124389441f1e2a04f87) Importer(815301076,1909f56bfc062723c751e8b465ee728b)
Start importing Assets/Shader/waterfall03.shadergraph using Guid(cff8dac41526f124389441f1e2a04f87) Importer(815301076,1909f56bfc062723c751e8b465ee728b)  -> (artifact id: '74b79b3d1249b90a8f67714564d7bd3c') in 0.008351 seconds
  Import took 0.022326 seconds .

========================================================================
Received Prepare
Registering precompiled user dll's ...
Registered in 0.003750 seconds.
Begin MonoManager ReloadAssembly
Native extension for WindowsStandalone target not found
Refreshing native plugins compatible for Editor in 2.28 ms, found 0 plugins.
Preloading 0 native plugins for Editor in 0.00 ms.
Invoked RoslynAnalysisRunner static constructor.
RoslynAnalysisRunner will not be running.
RoslynAnalysisRunner has terminated.
Mono: successfully reloaded assembly
- Completed reload, in  4.310 seconds
Platform modules already initialized, skipping
Refreshing native plugins compatible for Editor in 2.46 ms, found 0 plugins.
Preloading 0 native plugins for Editor in 0.00 ms.
Unloading 3180 Unused Serialized files (Serialized files now loaded: 0)
System memory in use before: 170.0 MB.
System memory in use after: 170.3 MB.

Unloading 18 unused Assets to reduce memory usage. Loaded Objects now: 4064.
Total: 10.586000 ms (FindLiveObjects: 1.429400 ms CreateObjectMapping: 0.827000 ms MarkObjects: 7.396700 ms  DeleteObjects: 0.929900 ms)

========================================================================
Received Import Request.
  Time since last request: 122.892134 seconds.
  path: Assets/Shader/LavaFall.shadergraph
  artifactKey: Guid(10b16957d27865243a0229eef4fb5e3f) Importer(815301076,1909f56bfc062723c751e8b465ee728b)
Start importing Assets/Shader/LavaFall.shadergraph using Guid(10b16957d27865243a0229eef4fb5e3f) Importer(815301076,1909f56bfc062723c751e8b465ee728b)  -> (artifact id: '3351f070acfe8c2b173777bb2b5b30c2') in 0.092775 seconds
  Import took 0.107892 seconds .

========================================================================
Received Import Request.
  Time since last request: 0.378815 seconds.
  path: Assets/Shader/LavaFall.shadergraph
  artifactKey: Guid(10b16957d27865243a0229eef4fb5e3f) Importer(815301076,1909f56bfc062723c751e8b465ee728b)
Start importing Assets/Shader/LavaFall.shadergraph using Guid(10b16957d27865243a0229eef4fb5e3f) Importer(815301076,1909f56bfc062723c751e8b465ee728b)  -> (artifact id: '3351f070acfe8c2b173777bb2b5b30c2') in 0.008234 seconds
  Import took 0.022703 seconds .

========================================================================
Received Prepare
Registering precompiled user dll's ...
Registered in 0.003701 seconds.
Begin MonoManager ReloadAssembly
Native extension for WindowsStandalone target not found
Refreshing native plugins compatible for Editor in 1.72 ms, found 0 plugins.
Preloading 0 native plugins for Editor in 0.00 ms.
Invoked RoslynAnalysisRunner static constructor.
RoslynAnalysisRunner will not be running.
RoslynAnalysisRunner has terminated.
Mono: successfully reloaded assembly
- Completed reload, in  2.289 seconds
Platform modules already initialized, skipping
Refreshing native plugins compatible for Editor in 0.78 ms, found 0 plugins.
Preloading 0 native plugins for Editor in 0.00 ms.
Unloading 3162 Unused Serialized files (Serialized files now loaded: 0)
System memory in use before: 169.2 MB.
System memory in use after: 169.4 MB.

Unloading 5 unused Assets to reduce memory usage. Loaded Objects now: 4066.
Total: 4.265500 ms (FindLiveObjects: 0.454400 ms CreateObjectMapping: 0.310500 ms MarkObjects: 3.459500 ms  DeleteObjects: 0.039000 ms)

========================================================================
Received Import Request.
  Time since last request: 16.578535 seconds.
  path: Assets/Shader/waterfall01.mat
  artifactKey: Guid(23e03bd6a59f774448cfd207633661f4) Importer(815301076,1909f56bfc062723c751e8b465ee728b)
Start importing Assets/Shader/waterfall01.mat using Guid(23e03bd6a59f774448cfd207633661f4) Importer(815301076,1909f56bfc062723c751e8b465ee728b)  -> (artifact id: 'bf3242965879979df5326faa384f1168') in 1.367455 seconds
  Import took 1.383134 seconds .

========================================================================
Received Prepare
Registering precompiled user dll's ...
Registered in 0.002659 seconds.
Begin MonoManager ReloadAssembly
Native extension for WindowsStandalone target not found
Refreshing native plugins compatible for Editor in 1.22 ms, found 0 plugins.
Preloading 0 native plugins for Editor in 0.00 ms.
Invoked RoslynAnalysisRunner static constructor.
RoslynAnalysisRunner will not be running.
RoslynAnalysisRunner has terminated.
Mono: successfully reloaded assembly
- Completed reload, in  2.835 seconds
Platform modules already initialized, skipping
Refreshing native plugins compatible for Editor in 0.67 ms, found 0 plugins.
Preloading 0 native plugins for Editor in 0.00 ms.
Unloading 3164 Unused Serialized files (Serialized files now loaded: 0)
System memory in use before: 170.5 MB.
System memory in use after: 170.8 MB.

Unloading 5 unused Assets to reduce memory usage. Loaded Objects now: 4173.
Total: 3.854700 ms (FindLiveObjects: 0.462500 ms CreateObjectMapping: 0.262800 ms MarkObjects: 3.099000 ms  DeleteObjects: 0.028900 ms)

AssetImportWorkerClient::OnTransportError - code=2 error=End of file
