Using pre-set license
Built from '2020.2/release' branch; Version is '2020.2.1f1 (270dd8c3da1c) revision 2559448'; Using compiler version '192528614'; Build Type 'Release'
OS: 'Windows 10  (10.0.0) 64bit' Language: 'en' Physical Memory: 8034 MB
BatchMode: 1, IsHumanControllingUs: 0, StartBugReporterOnCrash: 0, Is64bit: 1, IsPro: 0

 COMMAND LINE ARGUMENTS:
E:\Unity editor\2020.2.1f1\Editor\Unity.exe
-adb2
-batchMode
-noUpm
-name
AssetImportWorker0
-projectPath
E:/GitHub/Sole-Mate-NSC-2021/Unity-3D/Unity/NewNSC01
-logFile
Logs/AssetImportWorker0.log
-srvPort
6404
Successfully changed project path to: E:/GitHub/Sole-Mate-NSC-2021/Unity-3D/Unity/NewNSC01
E:/GitHub/Sole-Mate-NSC-2021/Unity-3D/Unity/NewNSC01
Using Asset Import Pipeline V2.
Refreshing native plugins compatible for Editor in 127.64 ms, found 0 plugins.
Preloading 0 native plugins for Editor in 0.00 ms.
Initialize engine version: 2020.2.1f1 (270dd8c3da1c)
[Subsystems] Discovering subsystems at path E:/Unity editor/2020.2.1f1/Editor/Data/Resources/UnitySubsystems
[Subsystems] Discovering subsystems at path E:/GitHub/Sole-Mate-NSC-2021/Unity-3D/Unity/NewNSC01/Assets
GfxDevice: creating device client; threaded=0
Direct3D:
    Version:  Direct3D 11.0 [level 11.1]
    Renderer: NVIDIA GeForce GTX 1050 Ti (ID=0x1c8c)
    Vendor:   
    VRAM:     4018 MB
    Driver:   27.21.14.5751
Initialize mono
Mono path[0] = 'E:/Unity editor/2020.2.1f1/Editor/Data/Managed'
Mono path[1] = 'E:/Unity editor/2020.2.1f1/Editor/Data/MonoBleedingEdge/lib/mono/unityjit'
Mono config path = 'E:/Unity editor/2020.2.1f1/Editor/Data/MonoBleedingEdge/etc'
Using monoOptions --debugger-agent=transport=dt_socket,embedding=1,server=y,suspend=n,address=127.0.0.1:56560
Begin MonoManager ReloadAssembly
Registering precompiled unity dll's ...
Register platform support module: E:/Unity editor/2020.2.1f1/Editor/Data/PlaybackEngines/WindowsStandaloneSupport/UnityEditor.WindowsStandalone.Extensions.dll
Registered in 0.001464 seconds.
Native extension for WindowsStandalone target not found
Refreshing native plugins compatible for Editor in 160.36 ms, found 0 plugins.
Preloading 0 native plugins for Editor in 0.00 ms.
Invoked RoslynAnalysisRunner static constructor.
RoslynAnalysisRunner will not be running.
RoslynAnalysisRunner has terminated.
Mono: successfully reloaded assembly
- Completed reload, in  2.391 seconds
Platform modules already initialized, skipping
Registering precompiled user dll's ...
Registered in 0.001878 seconds.
Begin MonoManager ReloadAssembly
Native extension for WindowsStandalone target not found
Refreshing native plugins compatible for Editor in 136.32 ms, found 0 plugins.
Preloading 0 native plugins for Editor in 0.00 ms.
Invoked RoslynAnalysisRunner static constructor.
RoslynAnalysisRunner will not be running.
RoslynAnalysisRunner has terminated.
Mono: successfully reloaded assembly
- Completed reload, in  1.965 seconds
Platform modules already initialized, skipping
========================================================================
Worker process is ready to serve import requests
Launched and connected shader compiler UnityShaderCompiler.exe after 0.11 seconds
Refreshing native plugins compatible for Editor in 0.63 ms, found 0 plugins.
Preloading 0 native plugins for Editor in 0.00 ms.
Unloading 3475 Unused Serialized files (Serialized files now loaded: 0)
System memory in use before: 194.9 MB.
System memory in use after: 195.1 MB.

Unloading 9 unused Assets to reduce memory usage. Loaded Objects now: 3953.
Total: 3.015400 ms (FindLiveObjects: 0.422700 ms CreateObjectMapping: 0.224500 ms MarkObjects: 2.337500 ms  DeleteObjects: 0.029500 ms)

========================================================================
Received Import Request.
  path: Assets/Scenes/Scene01.unity
  artifactKey: Guid(9fc0d4010bbf28b4594072e72b8655ab) Importer(815301076,1909f56bfc062723c751e8b465ee728b)
Start importing Assets/Scenes/Scene01.unity using Guid(9fc0d4010bbf28b4594072e72b8655ab) Importer(815301076,1909f56bfc062723c751e8b465ee728b)  -> (artifact id: 'aa354d09be26c1c38d9f84c9ed47dcdf') in 0.015425 seconds
  Import took 0.102710 seconds .

========================================================================
Received Import Request.
  Time since last request: 4.763927 seconds.
  path: Assets/Scenes/Scene01.unity
  artifactKey: Guid(9fc0d4010bbf28b4594072e72b8655ab) Importer(815301076,1909f56bfc062723c751e8b465ee728b)
Start importing Assets/Scenes/Scene01.unity using Guid(9fc0d4010bbf28b4594072e72b8655ab) Importer(815301076,1909f56bfc062723c751e8b465ee728b)  -> (artifact id: 'aa354d09be26c1c38d9f84c9ed47dcdf') in 0.004643 seconds
  Import took 0.134536 seconds .

========================================================================
Received Prepare
Refreshing native plugins compatible for Editor in 4.45 ms, found 0 plugins.
Preloading 0 native plugins for Editor in 0.00 ms.
Unloading 3 Unused Serialized files (Serialized files now loaded: 0)
System memory in use before: 118.8 MB.
System memory in use after: 119.1 MB.

Unloading 3 unused Assets to reduce memory usage. Loaded Objects now: 3953.
Total: 5.355100 ms (FindLiveObjects: 0.423900 ms CreateObjectMapping: 0.254500 ms MarkObjects: 4.652900 ms  DeleteObjects: 0.021900 ms)

========================================================================
Received Import Request.
  Time since last request: 45.791993 seconds.
  path: Assets/Scenes/Scene01.unity
  artifactKey: Guid(9fc0d4010bbf28b4594072e72b8655ab) Importer(815301076,1909f56bfc062723c751e8b465ee728b)
Start importing Assets/Scenes/Scene01.unity using Guid(9fc0d4010bbf28b4594072e72b8655ab) Importer(815301076,1909f56bfc062723c751e8b465ee728b)  -> (artifact id: 'c191650605d07e7e0e93ffe0ac87d665') in 0.033787 seconds
  Import took 0.093618 seconds .

========================================================================
Received Prepare
Registering precompiled user dll's ...
Registered in 0.002344 seconds.
Begin MonoManager ReloadAssembly
Native extension for WindowsStandalone target not found
Refreshing native plugins compatible for Editor in 0.68 ms, found 0 plugins.
Preloading 0 native plugins for Editor in 0.00 ms.
Invoked RoslynAnalysisRunner static constructor.
RoslynAnalysisRunner will not be running.
RoslynAnalysisRunner has terminated.
Mono: successfully reloaded assembly
- Completed reload, in  1.722 seconds
Platform modules already initialized, skipping
Refreshing native plugins compatible for Editor in 0.70 ms, found 0 plugins.
Preloading 0 native plugins for Editor in 0.00 ms.
Unloading 3182 Unused Serialized files (Serialized files now loaded: 0)
System memory in use before: 181.8 MB.
System memory in use after: 182.0 MB.

Unloading 5 unused Assets to reduce memory usage. Loaded Objects now: 3955.
Total: 2.975500 ms (FindLiveObjects: 0.403200 ms CreateObjectMapping: 0.240200 ms MarkObjects: 2.306600 ms  DeleteObjects: 0.024100 ms)

========================================================================
Received Import Request.
  Time since last request: 44.714051 seconds.
  path: Assets/Scenes/Scene01.unity
  artifactKey: Guid(9fc0d4010bbf28b4594072e72b8655ab) Importer(815301076,1909f56bfc062723c751e8b465ee728b)
Start importing Assets/Scenes/Scene01.unity using Guid(9fc0d4010bbf28b4594072e72b8655ab) Importer(815301076,1909f56bfc062723c751e8b465ee728b)  -> (artifact id: '77ed108ace57caeea9b7061fd73d6553') in 0.021319 seconds
  Import took 0.166601 seconds .

========================================================================
Received Prepare
Registering precompiled user dll's ...
Registered in 0.001999 seconds.
Begin MonoManager ReloadAssembly
Native extension for WindowsStandalone target not found
Refreshing native plugins compatible for Editor in 1.67 ms, found 0 plugins.
Preloading 0 native plugins for Editor in 0.00 ms.
Invoked RoslynAnalysisRunner static constructor.
RoslynAnalysisRunner will not be running.
RoslynAnalysisRunner has terminated.
Mono: successfully reloaded assembly
- Completed reload, in  2.711 seconds
Platform modules already initialized, skipping
Refreshing native plugins compatible for Editor in 0.95 ms, found 0 plugins.
Preloading 0 native plugins for Editor in 0.00 ms.
Unloading 3182 Unused Serialized files (Serialized files now loaded: 0)
System memory in use before: 181.8 MB.
System memory in use after: 182.1 MB.

Unloading 5 unused Assets to reduce memory usage. Loaded Objects now: 3957.
Total: 6.819700 ms (FindLiveObjects: 1.887100 ms CreateObjectMapping: 0.807600 ms MarkObjects: 4.090600 ms  DeleteObjects: 0.031900 ms)

========================================================================
Received Import Request.
  Time since last request: 159.582861 seconds.
  path: Assets/Scenes/Scene02.unity
  artifactKey: Guid(9b640b8fca8e3c747b36bf9e525557ab) Importer(815301076,1909f56bfc062723c751e8b465ee728b)
Start importing Assets/Scenes/Scene02.unity using Guid(9b640b8fca8e3c747b36bf9e525557ab) Importer(815301076,1909f56bfc062723c751e8b465ee728b)  -> (artifact id: '788ca8e19bf424828dc6ba7c5d2e1138') in 0.033383 seconds
  Import took 0.084511 seconds .

========================================================================
Received Prepare
Registering precompiled user dll's ...
Registered in 0.001990 seconds.
Begin MonoManager ReloadAssembly
Native extension for WindowsStandalone target not found
Refreshing native plugins compatible for Editor in 0.72 ms, found 0 plugins.
Preloading 0 native plugins for Editor in 0.00 ms.
Invoked RoslynAnalysisRunner static constructor.
RoslynAnalysisRunner will not be running.
RoslynAnalysisRunner has terminated.
Mono: successfully reloaded assembly
- Completed reload, in  1.636 seconds
Platform modules already initialized, skipping
Refreshing native plugins compatible for Editor in 1.19 ms, found 0 plugins.
Preloading 0 native plugins for Editor in 0.00 ms.
Unloading 3182 Unused Serialized files (Serialized files now loaded: 0)
System memory in use before: 181.9 MB.
System memory in use after: 182.1 MB.

Unloading 5 unused Assets to reduce memory usage. Loaded Objects now: 3959.
Total: 4.478600 ms (FindLiveObjects: 0.486000 ms CreateObjectMapping: 0.302300 ms MarkObjects: 3.665900 ms  DeleteObjects: 0.022800 ms)

========================================================================
Received Import Request.
  Time since last request: 15.500378 seconds.
  path: Assets/Scenes/Scene01.unity
  artifactKey: Guid(9fc0d4010bbf28b4594072e72b8655ab) Importer(815301076,1909f56bfc062723c751e8b465ee728b)
Start importing Assets/Scenes/Scene01.unity using Guid(9fc0d4010bbf28b4594072e72b8655ab) Importer(815301076,1909f56bfc062723c751e8b465ee728b)  -> (artifact id: 'f3fca98350762315c947a26eb5e999be') in 0.020508 seconds
  Import took 0.150489 seconds .

========================================================================
Received Import Request.
  Time since last request: 8.465025 seconds.
  path: Assets/Scenes/Scene02.unity
  artifactKey: Guid(9b640b8fca8e3c747b36bf9e525557ab) Importer(815301076,1909f56bfc062723c751e8b465ee728b)
Start importing Assets/Scenes/Scene02.unity using Guid(9b640b8fca8e3c747b36bf9e525557ab) Importer(815301076,1909f56bfc062723c751e8b465ee728b)  -> (artifact id: '074df561dcbc0e424606d48c3fc688de') in 0.005091 seconds
  Import took 0.133104 seconds .

AssetImportWorkerClient::OnTransportError - code=2 error=End of file
