Using pre-set license
Built from '2020.2/release' branch; Version is '2020.2.1f1 (270dd8c3da1c) revision 2559448'; Using compiler version '192528614'; Build Type 'Release'
OS: 'Windows 10  (10.0.0) 64bit' Language: 'en' Physical Memory: 8034 MB
BatchMode: 1, IsHumanControllingUs: 0, StartBugReporterOnCrash: 0, Is64bit: 1, IsPro: 0

 COMMAND LINE ARGUMENTS:
E:\Unity editor\2020.2.1f1\Editor\Unity.exe
-adb2
-batchMode
-noUpm
-name
AssetImportWorker0
-projectPath
E:/GitHub/Sole-Mate-NSC-2021/Unity-3D/Unity/NewNSC01
-logFile
Logs/AssetImportWorker0.log
-srvPort
13064
Successfully changed project path to: E:/GitHub/Sole-Mate-NSC-2021/Unity-3D/Unity/NewNSC01
E:/GitHub/Sole-Mate-NSC-2021/Unity-3D/Unity/NewNSC01
Using Asset Import Pipeline V2.
Refreshing native plugins compatible for Editor in 82.67 ms, found 0 plugins.
Preloading 0 native plugins for Editor in 0.00 ms.
Initialize engine version: 2020.2.1f1 (270dd8c3da1c)
[Subsystems] Discovering subsystems at path E:/Unity editor/2020.2.1f1/Editor/Data/Resources/UnitySubsystems
[Subsystems] Discovering subsystems at path E:/GitHub/Sole-Mate-NSC-2021/Unity-3D/Unity/NewNSC01/Assets
GfxDevice: creating device client; threaded=0
Direct3D:
    Version:  Direct3D 11.0 [level 11.1]
    Renderer: NVIDIA GeForce GTX 1050 Ti (ID=0x1c8c)
    Vendor:   
    VRAM:     4018 MB
    Driver:   27.21.14.5751
Initialize mono
Mono path[0] = 'E:/Unity editor/2020.2.1f1/Editor/Data/Managed'
Mono path[1] = 'E:/Unity editor/2020.2.1f1/Editor/Data/MonoBleedingEdge/lib/mono/unityjit'
Mono config path = 'E:/Unity editor/2020.2.1f1/Editor/Data/MonoBleedingEdge/etc'
Using monoOptions --debugger-agent=transport=dt_socket,embedding=1,server=y,suspend=n,address=127.0.0.1:56992
Begin MonoManager ReloadAssembly
Registering precompiled unity dll's ...
Register platform support module: E:/Unity editor/2020.2.1f1/Editor/Data/PlaybackEngines/WindowsStandaloneSupport/UnityEditor.WindowsStandalone.Extensions.dll
Registered in 0.000873 seconds.
Native extension for WindowsStandalone target not found
Refreshing native plugins compatible for Editor in 79.97 ms, found 0 plugins.
Preloading 0 native plugins for Editor in 0.00 ms.
Invoked RoslynAnalysisRunner static constructor.
RoslynAnalysisRunner will not be running.
RoslynAnalysisRunner has terminated.
Mono: successfully reloaded assembly
- Completed reload, in  1.114 seconds
Platform modules already initialized, skipping
Registering precompiled user dll's ...
Registered in 0.001176 seconds.
Begin MonoManager ReloadAssembly
Native extension for WindowsStandalone target not found
Refreshing native plugins compatible for Editor in 79.24 ms, found 0 plugins.
Preloading 0 native plugins for Editor in 0.00 ms.
Invoked RoslynAnalysisRunner static constructor.
RoslynAnalysisRunner will not be running.
RoslynAnalysisRunner has terminated.
Mono: successfully reloaded assembly
- Completed reload, in  1.500 seconds
Platform modules already initialized, skipping
========================================================================
Worker process is ready to serve import requests
Launched and connected shader compiler UnityShaderCompiler.exe after 0.07 seconds
Refreshing native plugins compatible for Editor in 1.41 ms, found 0 plugins.
Preloading 0 native plugins for Editor in 0.00 ms.
Unloading 3290 Unused Serialized files (Serialized files now loaded: 0)
System memory in use before: 165.2 MB.
System memory in use after: 165.4 MB.

Unloading 10 unused Assets to reduce memory usage. Loaded Objects now: 3749.
Total: 3.183500 ms (FindLiveObjects: 0.484400 ms CreateObjectMapping: 0.172100 ms MarkObjects: 2.416400 ms  DeleteObjects: 0.108200 ms)

========================================================================
Received Import Request.
  path: Assets/animations/main02FIX.fbx
  artifactKey: Guid(c58d06eb14547e64997923599918b0d8) Importer(815301076,1909f56bfc062723c751e8b465ee728b)
Start importing Assets/animations/main02FIX.fbx using Guid(c58d06eb14547e64997923599918b0d8) Importer(815301076,1909f56bfc062723c751e8b465ee728b)  -> (artifact id: 'b86d530879dd9386687664eddfbd2c7f') in 1.636872 seconds
  Import took 1.712834 seconds .

========================================================================
Received Import Request.
  Time since last request: 0.000296 seconds.
  path: Assets/animations/astroBreathing_Idle (1).fbx
  artifactKey: Guid(3883ad40438304d4b89d92a4c90b0561) Importer(815301076,1909f56bfc062723c751e8b465ee728b)
Start importing Assets/animations/astroBreathing_Idle (1).fbx using Guid(3883ad40438304d4b89d92a4c90b0561) Importer(815301076,1909f56bfc062723c751e8b465ee728b)  -> (artifact id: '5ca3acb82e7f97762d389307b7bea811') in 0.152695 seconds
  Import took 0.235670 seconds .

========================================================================
Received Import Request.
  Time since last request: 18.080337 seconds.
  path: Assets/animations/astronaustBody@Offensive Idle.fbx
  artifactKey: Guid(d15fc034911b47b4f92d476511967293) Importer(815301076,1909f56bfc062723c751e8b465ee728b)
Start importing Assets/animations/astronaustBody@Offensive Idle.fbx using Guid(d15fc034911b47b4f92d476511967293) Importer(815301076,1909f56bfc062723c751e8b465ee728b)  -> (artifact id: 'a13897b9f442291e49d78b5c55cb2a83') in 0.100899 seconds
  Import took 0.129125 seconds .

========================================================================
Received Import Request.
  Time since last request: 0.000218 seconds.
  path: Assets/animations/astronaustBody@Running.fbx
  artifactKey: Guid(1f113a2fcafe38d42b251f938e697d0f) Importer(815301076,1909f56bfc062723c751e8b465ee728b)
Start importing Assets/animations/astronaustBody@Running.fbx using Guid(1f113a2fcafe38d42b251f938e697d0f) Importer(815301076,1909f56bfc062723c751e8b465ee728b)  -> (artifact id: 'd275c7d9ff76c0481609428166b8a0cd') in 0.115878 seconds
  Import took 0.175139 seconds .

========================================================================
Received Import Request.
  Time since last request: 20.664554 seconds.
  path: Assets/Meshes/astronaustBackpack.fbx
  artifactKey: Guid(69ea0275fadf5d64d8c3edd43737a2d8) Importer(815301076,1909f56bfc062723c751e8b465ee728b)
Start importing Assets/Meshes/astronaustBackpack.fbx using Guid(69ea0275fadf5d64d8c3edd43737a2d8) Importer(815301076,1909f56bfc062723c751e8b465ee728b)  -> (artifact id: '1c3a4d60493596229d9d188498f5f326') in 0.075198 seconds
  Import took 0.083619 seconds .

========================================================================
Received Import Request.
  Time since last request: 0.000253 seconds.
  path: Assets/Meshes/astronaustBody.fbx
  artifactKey: Guid(3dda984ec5ee2d54391d1784f0815655) Importer(815301076,1909f56bfc062723c751e8b465ee728b)
Start importing Assets/Meshes/astronaustBody.fbx using Guid(3dda984ec5ee2d54391d1784f0815655) Importer(815301076,1909f56bfc062723c751e8b465ee728b)  -> (artifact id: 'ccb5dfe254bf9fdc4763be42357196b8') in 0.085420 seconds
  Import took 0.103922 seconds .

