Using pre-set license
Built from '2020.2/release' branch; Version is '2020.2.1f1 (270dd8c3da1c) revision 2559448'; Using compiler version '192528614'; Build Type 'Release'
OS: 'Windows 10  (10.0.0) 64bit' Language: 'en' Physical Memory: 8001 MB
BatchMode: 1, IsHumanControllingUs: 0, StartBugReporterOnCrash: 0, Is64bit: 1, IsPro: 0

 COMMAND LINE ARGUMENTS:
C:\Users\haich\OneDrive\Desktop\NSC2021\2020.2.1f1\Editor\Unity.exe
-adb2
-batchMode
-noUpm
-name
AssetImportWorker18
-projectPath
C:/Users/haich/OneDrive/Desktop/NSC2021/gh/Unity-3D/Unity/NewNSC01
-logFile
Logs/AssetImportWorker18.log
-srvPort
63714
Successfully changed project path to: C:/Users/haich/OneDrive/Desktop/NSC2021/gh/Unity-3D/Unity/NewNSC01
C:/Users/haich/OneDrive/Desktop/NSC2021/gh/Unity-3D/Unity/NewNSC01
Using Asset Import Pipeline V2.
Refreshing native plugins compatible for Editor in 1401.88 ms, found 0 plugins.
Preloading 0 native plugins for Editor in 0.00 ms.
Initialize engine version: 2020.2.1f1 (270dd8c3da1c)
[Subsystems] Discovering subsystems at path C:/Users/haich/OneDrive/Desktop/NSC2021/2020.2.1f1/Editor/Data/Resources/UnitySubsystems
[Subsystems] Discovering subsystems at path C:/Users/haich/OneDrive/Desktop/NSC2021/gh/Unity-3D/Unity/NewNSC01/Assets
GfxDevice: creating device client; threaded=0
Direct3D:
    Version:  Direct3D 11.0 [level 11.1]
    Renderer: NVIDIA GeForce GTX 1650 (ID=0x1f91)
    Vendor:   
    VRAM:     3962 MB
    Driver:   27.21.14.5206
Initialize mono
Mono path[0] = 'C:/Users/haich/OneDrive/Desktop/NSC2021/2020.2.1f1/Editor/Data/Managed'
Mono path[1] = 'C:/Users/haich/OneDrive/Desktop/NSC2021/2020.2.1f1/Editor/Data/MonoBleedingEdge/lib/mono/unityjit'
Mono config path = 'C:/Users/haich/OneDrive/Desktop/NSC2021/2020.2.1f1/Editor/Data/MonoBleedingEdge/etc'
Using monoOptions --debugger-agent=transport=dt_socket,embedding=1,server=y,suspend=n,address=127.0.0.1:56096
Begin MonoManager ReloadAssembly
