Using pre-set license
Built from '2020.2/release' branch; Version is '2020.2.1f1 (270dd8c3da1c) revision 2559448'; Using compiler version '192528614'; Build Type 'Release'
OS: 'Windows 10  (10.0.0) 64bit' Language: 'en' Physical Memory: 8001 MB
BatchMode: 1, IsHumanControllingUs: 0, StartBugReporterOnCrash: 0, Is64bit: 1, IsPro: 0

 COMMAND LINE ARGUMENTS:
C:\Users\haich\OneDrive\Desktop\NSC2021\2020.2.1f1\Editor\Unity.exe
-adb2
-batchMode
-noUpm
-name
AssetImportWorker31
-projectPath
C:/Users/haich/OneDrive/Desktop/NSC2021/gh/Unity-3D/Unity/NewNSC01
-logFile
Logs/AssetImportWorker31.log
-srvPort
63714
Successfully changed project path to: C:/Users/haich/OneDrive/Desktop/NSC2021/gh/Unity-3D/Unity/NewNSC01
C:/Users/haich/OneDrive/Desktop/NSC2021/gh/Unity-3D/Unity/NewNSC01
Using Asset Import Pipeline V2.
