Using pre-set license
Built from '2020.2/release' branch; Version is '2020.2.1f1 (270dd8c3da1c) revision 2559448'; Using compiler version '192528614'; Build Type 'Release'
OS: 'Windows 10  (10.0.0) 64bit' Language: 'en' Physical Memory: 8034 MB
BatchMode: 1, IsHumanControllingUs: 0, StartBugReporterOnCrash: 0, Is64bit: 1, IsPro: 0

 COMMAND LINE ARGUMENTS:
E:\Unity editor\2020.2.1f1\Editor\Unity.exe
-adb2
-batchMode
-noUpm
-name
AssetImportWorker1
-projectPath
E:/GitHub/Sole-Mate-NSC-2021/Unity-3D/Unity/NewNSC01
-logFile
Logs/AssetImportWorker1.log
-srvPort
9992
Successfully changed project path to: E:/GitHub/Sole-Mate-NSC-2021/Unity-3D/Unity/NewNSC01
E:/GitHub/Sole-Mate-NSC-2021/Unity-3D/Unity/NewNSC01
Using Asset Import Pipeline V2.
Refreshing native plugins compatible for Editor in 134.34 ms, found 0 plugins.
Preloading 0 native plugins for Editor in 0.00 ms.
Initialize engine version: 2020.2.1f1 (270dd8c3da1c)
[Subsystems] Discovering subsystems at path E:/Unity editor/2020.2.1f1/Editor/Data/Resources/UnitySubsystems
[Subsystems] Discovering subsystems at path E:/GitHub/Sole-Mate-NSC-2021/Unity-3D/Unity/NewNSC01/Assets
GfxDevice: creating device client; threaded=0
Direct3D:
    Version:  Direct3D 11.0 [level 11.1]
    Renderer: NVIDIA GeForce GTX 1050 Ti (ID=0x1c8c)
    Vendor:   
    VRAM:     4018 MB
    Driver:   27.21.14.5751
Initialize mono
Mono path[0] = 'E:/Unity editor/2020.2.1f1/Editor/Data/Managed'
Mono path[1] = 'E:/Unity editor/2020.2.1f1/Editor/Data/MonoBleedingEdge/lib/mono/unityjit'
Mono config path = 'E:/Unity editor/2020.2.1f1/Editor/Data/MonoBleedingEdge/etc'
Using monoOptions --debugger-agent=transport=dt_socket,embedding=1,server=y,suspend=n,address=127.0.0.1:56224
Begin MonoManager ReloadAssembly
Registering precompiled unity dll's ...
Register platform support module: E:/Unity editor/2020.2.1f1/Editor/Data/PlaybackEngines/WindowsStandaloneSupport/UnityEditor.WindowsStandalone.Extensions.dll
Registered in 0.001387 seconds.
Native extension for WindowsStandalone target not found
Refreshing native plugins compatible for Editor in 101.60 ms, found 0 plugins.
Preloading 0 native plugins for Editor in 0.00 ms.
Invoked RoslynAnalysisRunner static constructor.
RoslynAnalysisRunner will not be running.
RoslynAnalysisRunner has terminated.
Mono: successfully reloaded assembly
- Completed reload, in 11.854 seconds
Platform modules already initialized, skipping
Registering precompiled user dll's ...
Registered in 0.001868 seconds.
Begin MonoManager ReloadAssembly
Native extension for WindowsStandalone target not found
Refreshing native plugins compatible for Editor in 227.56 ms, found 0 plugins.
Preloading 0 native plugins for Editor in 0.00 ms.
Invoked RoslynAnalysisRunner static constructor.
RoslynAnalysisRunner will not be running.
RoslynAnalysisRunner has terminated.
Mono: successfully reloaded assembly
- Completed reload, in  5.653 seconds
Platform modules already initialized, skipping
========================================================================
Worker process is ready to serve import requests
Launched and connected shader compiler UnityShaderCompiler.exe after 0.28 seconds
Refreshing native plugins compatible for Editor in 2.25 ms, found 0 plugins.
Preloading 0 native plugins for Editor in 0.00 ms.
Unloading 3438 Unused Serialized files (Serialized files now loaded: 0)
System memory in use before: 170.8 MB.
System memory in use after: 171.0 MB.

Unloading 10 unused Assets to reduce memory usage. Loaded Objects now: 3891.
Total: 27.189900 ms (FindLiveObjects: 0.411500 ms CreateObjectMapping: 0.236000 ms MarkObjects: 26.422600 ms  DeleteObjects: 0.118300 ms)

========================================================================
Received Import Request.
  path: Assets/Shader/waterfall02.mat
  artifactKey: Guid(1766ae3bd847df34dbe948bc855eda60) Importer(815301076,1909f56bfc062723c751e8b465ee728b)
Start importing Assets/Shader/waterfall02.mat using Guid(1766ae3bd847df34dbe948bc855eda60) Importer(815301076,1909f56bfc062723c751e8b465ee728b)  -> (artifact id: '55ab5cf6b6a40296205541417221e5f2') in 2.976272 seconds
  Import took 3.082837 seconds .

========================================================================
Received Import Request.
  Time since last request: 0.024382 seconds.
  path: Assets/Shader/waterfall03.mat
  artifactKey: Guid(124ec3bf5fd774e4b86254f25b3208b1) Importer(815301076,1909f56bfc062723c751e8b465ee728b)
Start importing Assets/Shader/waterfall03.mat using Guid(124ec3bf5fd774e4b86254f25b3208b1) Importer(815301076,1909f56bfc062723c751e8b465ee728b)  -> (artifact id: '7c84fe64e06d7a503a7baa2168171a30') in 0.128350 seconds
  Import took 0.219629 seconds .

========================================================================
Received Import Request.
  Time since last request: 0.000873 seconds.
  path: Assets/Shader/waterfall01.mat
  artifactKey: Guid(23e03bd6a59f774448cfd207633661f4) Importer(815301076,1909f56bfc062723c751e8b465ee728b)
Start importing Assets/Shader/waterfall01.mat using Guid(23e03bd6a59f774448cfd207633661f4) Importer(815301076,1909f56bfc062723c751e8b465ee728b)  -> (artifact id: '0e64e42843c58c451b1122bfa6bbc878') in 0.061138 seconds
  Import took 0.125372 seconds .

========================================================================
Received Prepare
Registering precompiled user dll's ...
Registered in 0.002174 seconds.
Begin MonoManager ReloadAssembly
Native extension for WindowsStandalone target not found
Refreshing native plugins compatible for Editor in 1.28 ms, found 0 plugins.
Preloading 0 native plugins for Editor in 0.00 ms.
Invoked RoslynAnalysisRunner static constructor.
RoslynAnalysisRunner will not be running.
RoslynAnalysisRunner has terminated.
Mono: successfully reloaded assembly
- Completed reload, in  2.171 seconds
Platform modules already initialized, skipping
Refreshing native plugins compatible for Editor in 0.83 ms, found 0 plugins.
Preloading 0 native plugins for Editor in 0.00 ms.
Unloading 3175 Unused Serialized files (Serialized files now loaded: 0)
System memory in use before: 170.1 MB.
System memory in use after: 170.4 MB.

Unloading 5 unused Assets to reduce memory usage. Loaded Objects now: 4064.
Total: 5.088700 ms (FindLiveObjects: 0.441100 ms CreateObjectMapping: 0.216800 ms MarkObjects: 4.398900 ms  DeleteObjects: 0.030100 ms)

========================================================================
Received Import Request.
  Time since last request: 263.713819 seconds.
  path: Assets/Material/New Material.mat
  artifactKey: Guid(75c37bd2931580d4d93004163a0b600f) Importer(815301076,1909f56bfc062723c751e8b465ee728b)
Start importing Assets/Material/New Material.mat using Guid(75c37bd2931580d4d93004163a0b600f) Importer(815301076,1909f56bfc062723c751e8b465ee728b)  -> (artifact id: '463ff863172da1778f534078fa2e8fb7') in 1.120310 seconds
  Import took 1.177226 seconds .

========================================================================
Received Import Request.
  Time since last request: 26.458838 seconds.
  path: Assets/SkySerie Freebie/6SidedFluffball.mat
  artifactKey: Guid(efd1c33efd2d58340b88804268e6833f) Importer(815301076,1909f56bfc062723c751e8b465ee728b)
Start importing Assets/SkySerie Freebie/6SidedFluffball.mat using Guid(efd1c33efd2d58340b88804268e6833f) Importer(815301076,1909f56bfc062723c751e8b465ee728b)  -> (artifact id: 'b451db2e8f7355ae44daae5f0e654226') in 0.972475 seconds
  Import took 1.056243 seconds .

========================================================================
Received Import Request.
  Time since last request: 0.000329 seconds.
  path: Assets/SkySerie Freebie/HighFantasy.mat
  artifactKey: Guid(e2341a9d03e86ec4290c72b1e22bbc7c) Importer(815301076,1909f56bfc062723c751e8b465ee728b)
Start importing Assets/SkySerie Freebie/HighFantasy.mat using Guid(e2341a9d03e86ec4290c72b1e22bbc7c) Importer(815301076,1909f56bfc062723c751e8b465ee728b)  -> (artifact id: 'ccfb95a4e5212fc21f93fd40bb18c4c6') in 0.781370 seconds
  Import took 0.866269 seconds .

========================================================================
Received Import Request.
  Time since last request: 0.000503 seconds.
  path: Assets/SkySerie Freebie/UnderTheSea4k.mat
  artifactKey: Guid(119ec07f1c7ed204db46bd8465fd5a50) Importer(815301076,1909f56bfc062723c751e8b465ee728b)
Start importing Assets/SkySerie Freebie/UnderTheSea4k.mat using Guid(119ec07f1c7ed204db46bd8465fd5a50) Importer(815301076,1909f56bfc062723c751e8b465ee728b)  -> (artifact id: '26d25437703cc084e130f092d2caf5c3') in 0.554612 seconds
  Import took 0.690820 seconds .

========================================================================
Received Import Request.
  Time since last request: 0.000514 seconds.
  path: Assets/SkySerie Freebie/UnearthlyRed.mat
  artifactKey: Guid(5d133deeaa66ed445853e946ff25e073) Importer(815301076,1909f56bfc062723c751e8b465ee728b)
Start importing Assets/SkySerie Freebie/UnearthlyRed.mat using Guid(5d133deeaa66ed445853e946ff25e073) Importer(815301076,1909f56bfc062723c751e8b465ee728b)  -> (artifact id: 'a942edf0b5be7244ee06c6006396ba8c') in 0.565009 seconds
  Import took 0.607411 seconds .

========================================================================
Received Import Request.
  Time since last request: 0.000385 seconds.
  path: Assets/Texture/rock01.png
  artifactKey: Guid(542f62d891db0bc43b74387375f53f1c) Importer(815301076,1909f56bfc062723c751e8b465ee728b)
Start importing Assets/Texture/rock01.png using Guid(542f62d891db0bc43b74387375f53f1c) Importer(815301076,1909f56bfc062723c751e8b465ee728b)  -> (artifact id: '11e1f7142d2c0aad6d78764082c13fb3') in 0.647618 seconds
  Import took 0.704917 seconds .

========================================================================
Received Import Request.
  Time since last request: 0.000287 seconds.
  path: Assets/Texture/Cliffback.png
  artifactKey: Guid(368a06ac567346342bd28ef8d04cf05d) Importer(815301076,1909f56bfc062723c751e8b465ee728b)
Start importing Assets/Texture/Cliffback.png using Guid(368a06ac567346342bd28ef8d04cf05d) Importer(815301076,1909f56bfc062723c751e8b465ee728b)  -> (artifact id: '27fcbf43783278bbd9a9b77ad4492761') in 0.077834 seconds
  Import took 0.128436 seconds .

========================================================================
Received Import Request.
  Time since last request: 0.000377 seconds.
  path: Assets/Texture/texture MainC.png
  artifactKey: Guid(f41571a77d7303e4cb884c4ce56db6fe) Importer(815301076,1909f56bfc062723c751e8b465ee728b)
Start importing Assets/Texture/texture MainC.png using Guid(f41571a77d7303e4cb884c4ce56db6fe) Importer(815301076,1909f56bfc062723c751e8b465ee728b)  -> (artifact id: 'a0ba61c4de3e024cc88e62770a2179b1') in 0.049713 seconds
  Import took 0.160979 seconds .

========================================================================
Received Import Request.
  Time since last request: 0.000308 seconds.
  path: Assets/Texture/Doorframe.png
  artifactKey: Guid(b6f5d4903a9e50842ab69562327f5dc5) Importer(815301076,1909f56bfc062723c751e8b465ee728b)
Start importing Assets/Texture/Doorframe.png using Guid(b6f5d4903a9e50842ab69562327f5dc5) Importer(815301076,1909f56bfc062723c751e8b465ee728b)  -> (artifact id: 'bf315b88eaa6f2e0c79dc71b98d945e2') in 0.080136 seconds
  Import took 0.123699 seconds .

========================================================================
Received Import Request.
  Time since last request: 0.000476 seconds.
  path: Assets/SkySerie Freebie/CosmicCoolCloud.mat
  artifactKey: Guid(f531e09e2ad2fb440b4eed7605863143) Importer(815301076,1909f56bfc062723c751e8b465ee728b)
Start importing Assets/SkySerie Freebie/CosmicCoolCloud.mat using Guid(f531e09e2ad2fb440b4eed7605863143) Importer(815301076,1909f56bfc062723c751e8b465ee728b)  -> (artifact id: '8f81eae9734367467626f3522790ba63') in 0.681432 seconds
  Import took 0.706256 seconds .

========================================================================
Received Import Request.
  Time since last request: 0.000359 seconds.
  path: Assets/SkySerie Freebie/SunlessCirruscover.mat
  artifactKey: Guid(4e154bf235e41704bbd6bbc6fd6c63f6) Importer(815301076,1909f56bfc062723c751e8b465ee728b)
Start importing Assets/SkySerie Freebie/SunlessCirruscover.mat using Guid(4e154bf235e41704bbd6bbc6fd6c63f6) Importer(815301076,1909f56bfc062723c751e8b465ee728b)  -> (artifact id: 'a94c682051fd6fbc91d17f5a865cd384') in 0.533724 seconds
  Import took 0.548051 seconds .

========================================================================
Received Import Request.
  Time since last request: 0.001017 seconds.
  path: Assets/SkySerie Freebie/6SidedMegaSun.mat
  artifactKey: Guid(c52c5d7968fa6c9499b0b5752f899bfb) Importer(815301076,1909f56bfc062723c751e8b465ee728b)
Start importing Assets/SkySerie Freebie/6SidedMegaSun.mat using Guid(c52c5d7968fa6c9499b0b5752f899bfb) Importer(815301076,1909f56bfc062723c751e8b465ee728b)  -> (artifact id: '4cf5ec7c553c0656c51b7f7016d81403') in 0.432109 seconds
  Import took 0.490959 seconds .

========================================================================
Received Import Request.
  Time since last request: 0.000224 seconds.
  path: Assets/SkySerie Freebie/DayInTheClouds.mat
  artifactKey: Guid(3e5399bd195de7649b874f58c1b9f8a3) Importer(815301076,1909f56bfc062723c751e8b465ee728b)
Start importing Assets/SkySerie Freebie/DayInTheClouds.mat using Guid(3e5399bd195de7649b874f58c1b9f8a3) Importer(815301076,1909f56bfc062723c751e8b465ee728b)  -> (artifact id: '767acd31ffe41e18e82c999def4b1a50') in 0.553196 seconds
  Import took 0.564166 seconds .

========================================================================
Received Import Request.
  Time since last request: 0.000381 seconds.
  path: Assets/Texture/pathway01.png
  artifactKey: Guid(c79fbe20fea4d34458881714a5d86af8) Importer(815301076,1909f56bfc062723c751e8b465ee728b)
Start importing Assets/Texture/pathway01.png using Guid(c79fbe20fea4d34458881714a5d86af8) Importer(815301076,1909f56bfc062723c751e8b465ee728b)  -> (artifact id: '0d2a1165079c1c7c76933c365b880839') in 0.071909 seconds
  Import took 0.094984 seconds .

========================================================================
Received Import Request.
  Time since last request: 0.000338 seconds.
  path: Assets/SkySerie Freebie/Cloudymorning.mat
  artifactKey: Guid(d9dca9ae1786c394f9e79c637aa9a7bf) Importer(815301076,1909f56bfc062723c751e8b465ee728b)
Start importing Assets/SkySerie Freebie/Cloudymorning.mat using Guid(d9dca9ae1786c394f9e79c637aa9a7bf) Importer(815301076,1909f56bfc062723c751e8b465ee728b)  -> (artifact id: '1dddf0f9fbd6b95ee6b362816f322e0f') in 0.565413 seconds
  Import took 0.608700 seconds .

========================================================================
Received Import Request.
  Time since last request: 0.000372 seconds.
  path: Assets/SkySerie Freebie/CoriolisNight4k.mat
  artifactKey: Guid(d4454f71d85928744be7771e2143dab7) Importer(815301076,1909f56bfc062723c751e8b465ee728b)
Start importing Assets/SkySerie Freebie/CoriolisNight4k.mat using Guid(d4454f71d85928744be7771e2143dab7) Importer(815301076,1909f56bfc062723c751e8b465ee728b)  -> (artifact id: '25d05d59fe911848e801ad0f4d9e5894') in 0.550211 seconds
  Import took 0.580088 seconds .

========================================================================
Received Import Request.
  Time since last request: 0.000239 seconds.
  path: Assets/SkySerie Freebie/SkyhighFluffycloudField.mat
  artifactKey: Guid(f15c336556dd74f40aaca655f7767970) Importer(815301076,1909f56bfc062723c751e8b465ee728b)
Start importing Assets/SkySerie Freebie/SkyhighFluffycloudField.mat using Guid(f15c336556dd74f40aaca655f7767970) Importer(815301076,1909f56bfc062723c751e8b465ee728b)  -> (artifact id: '6e78ede680e38f37ba02f842e8d69611') in 0.594970 seconds
  Import took 0.621456 seconds .

========================================================================
Received Import Request.
  Time since last request: 0.000299 seconds.
  path: Assets/SkySerie Freebie/PlanetaryEarth.mat
  artifactKey: Guid(16bc8a9d5451ca44d8f70575adbece3a) Importer(815301076,1909f56bfc062723c751e8b465ee728b)
Start importing Assets/SkySerie Freebie/PlanetaryEarth.mat using Guid(16bc8a9d5451ca44d8f70575adbece3a) Importer(815301076,1909f56bfc062723c751e8b465ee728b)  -> (artifact id: 'ab04dac079c7adde0b03474ca70499fd') in 0.552694 seconds
  Import took 0.599370 seconds .

========================================================================
Received Import Request.
  Time since last request: 0.000303 seconds.
  path: Assets/Texture/pathway02.png
  artifactKey: Guid(f4bfad656990240488f77db9a5aaa42a) Importer(815301076,1909f56bfc062723c751e8b465ee728b)
Start importing Assets/Texture/pathway02.png using Guid(f4bfad656990240488f77db9a5aaa42a) Importer(815301076,1909f56bfc062723c751e8b465ee728b)  -> (artifact id: 'edf154e0269505da2448ba3233f5a426') in 0.015254 seconds
  Import took 0.088107 seconds .

========================================================================
Received Import Request.
  Time since last request: 0.000391 seconds.
  path: Assets/Texture/Leave01.png
  artifactKey: Guid(49972327414af864d834351b720016fd) Importer(815301076,1909f56bfc062723c751e8b465ee728b)
Start importing Assets/Texture/Leave01.png using Guid(49972327414af864d834351b720016fd) Importer(815301076,1909f56bfc062723c751e8b465ee728b)  -> (artifact id: '760d2384710185ea35dc83bf40ae1ede') in 0.065208 seconds
  Import took 0.124954 seconds .

========================================================================
Received Import Request.
  Time since last request: 0.000286 seconds.
  path: Assets/SkySerie Freebie/DarkStorm.mat
  artifactKey: Guid(2039a0ad0a9d05549928b70362f54902) Importer(815301076,1909f56bfc062723c751e8b465ee728b)
Start importing Assets/SkySerie Freebie/DarkStorm.mat using Guid(2039a0ad0a9d05549928b70362f54902) Importer(815301076,1909f56bfc062723c751e8b465ee728b)  -> (artifact id: '0f85760a7f7378454df3b1f2dddddd74') in 0.536506 seconds
  Import took 0.563226 seconds .

========================================================================
Received Import Request.
  Time since last request: 0.000571 seconds.
  path: Assets/SkySerie Freebie/AmbienceExposure.mat
  artifactKey: Guid(72deae4d18418f94688abef8e8483df0) Importer(815301076,1909f56bfc062723c751e8b465ee728b)
Start importing Assets/SkySerie Freebie/AmbienceExposure.mat using Guid(72deae4d18418f94688abef8e8483df0) Importer(815301076,1909f56bfc062723c751e8b465ee728b)  -> (artifact id: '9d7cad78a185c2bed27c20268db40aa3') in 0.515655 seconds
  Import took 0.617092 seconds .

========================================================================
Received Import Request.
  Time since last request: 0.000607 seconds.
  path: Assets/SkySerie Freebie/CloudedSunGlow.mat
  artifactKey: Guid(e391f00234292cc4f935308c11cf0e54) Importer(815301076,1909f56bfc062723c751e8b465ee728b)
Start importing Assets/SkySerie Freebie/CloudedSunGlow.mat using Guid(e391f00234292cc4f935308c11cf0e54) Importer(815301076,1909f56bfc062723c751e8b465ee728b)  -> (artifact id: '822c86d5f93721b580a568735df11d82') in 0.559099 seconds
  Import took 0.616101 seconds .

========================================================================
Received Import Request.
  Time since last request: 0.000364 seconds.
  path: Assets/SkySerie Freebie/FluffballDay.mat
  artifactKey: Guid(20d4f77b9022eab48b4d94599ed4bf82) Importer(815301076,1909f56bfc062723c751e8b465ee728b)
Start importing Assets/SkySerie Freebie/FluffballDay.mat using Guid(20d4f77b9022eab48b4d94599ed4bf82) Importer(815301076,1909f56bfc062723c751e8b465ee728b)  -> (artifact id: '50a64ca5eb89455b9319be2057f5338c') in 0.547815 seconds
  Import took 0.588598 seconds .

========================================================================
Received Import Request.
  Time since last request: 0.000300 seconds.
  path: Assets/SkySerie Freebie/CasualDay.mat
  artifactKey: Guid(85cf0b004bc4a654b9e501efcce47902) Importer(815301076,1909f56bfc062723c751e8b465ee728b)
Start importing Assets/SkySerie Freebie/CasualDay.mat using Guid(85cf0b004bc4a654b9e501efcce47902) Importer(815301076,1909f56bfc062723c751e8b465ee728b)  -> (artifact id: '64deccba2132bfba52aec48ae85163ee') in 0.637722 seconds
  Import took 0.741923 seconds .

========================================================================
Received Import Request.
  Time since last request: 0.000451 seconds.
  path: Assets/Texture/Material.001 Base Color.png
  artifactKey: Guid(fc8ce7215206f244f933fb3c6366de01) Importer(815301076,1909f56bfc062723c751e8b465ee728b)
Start importing Assets/Texture/Material.001 Base Color.png using Guid(fc8ce7215206f244f933fb3c6366de01) Importer(815301076,1909f56bfc062723c751e8b465ee728b)  -> (artifact id: 'a2c211fc83ca0fffe55d905fc57c69ec') in 0.282666 seconds
  Import took 0.343266 seconds .

========================================================================
Received Import Request.
  Time since last request: 0.000551 seconds.
  path: Assets/SkySerie Freebie/MegaSun.mat
  artifactKey: Guid(cede08c9fc471e64884909cd4bbeaf59) Importer(815301076,1909f56bfc062723c751e8b465ee728b)
Start importing Assets/SkySerie Freebie/MegaSun.mat using Guid(cede08c9fc471e64884909cd4bbeaf59) Importer(815301076,1909f56bfc062723c751e8b465ee728b)  -> (artifact id: '27335e5a870f8eee41136df2f9a20884') in 0.507730 seconds
  Import took 0.527276 seconds .

========================================================================
Received Import Request.
  Time since last request: 12.316575 seconds.
  path: Assets/Meshes/stage.fbx
  artifactKey: Guid(3d27532248958a246a406d3644fa36bd) Importer(815301076,1909f56bfc062723c751e8b465ee728b)
Start importing Assets/Meshes/stage.fbx using Guid(3d27532248958a246a406d3644fa36bd) Importer(815301076,1909f56bfc062723c751e8b465ee728b)  -> (artifact id: 'dc75214ef70db8900b7d05c9b85aa163') in 3.088908 seconds
  Import took 3.145281 seconds .

========================================================================
Received Import Request.
  Time since last request: 294.123152 seconds.
  path: Assets/Material/cliff.mat
  artifactKey: Guid(75c37bd2931580d4d93004163a0b600f) Importer(815301076,1909f56bfc062723c751e8b465ee728b)
Start importing Assets/Material/cliff.mat using Guid(75c37bd2931580d4d93004163a0b600f) Importer(815301076,1909f56bfc062723c751e8b465ee728b)  -> (artifact id: '716bdca6853c440a5e5cd9964a90a721') in 0.097088 seconds
  Import took 0.163586 seconds .

AssetImportWorkerClient::OnTransportError - code=2 error=End of file
